<?xml version="1.0" encoding="UTF-8"?>
<testsuite xmlns:xsi="http://www.w3.org/2001/XMLSchema-instance" xsi:noNamespaceSchemaLocation="https://maven.apache.org/surefire/maven-surefire-plugin/xsd/surefire-test-report-3.0.xsd" version="3.0" name="com.codesimcoe.quarkus.fx.extension.test.QuarkusFxExtensionDevModeTest" time="3.491" tests="1" errors="0" skipped="0" failures="0">
  <properties>
[...]
</properties>
  <testcase name="writeYourOwnDevModeTest" classname="com.codesimcoe.quarkus.fx.extension.test.QuarkusFxExtensionDevModeTest" time="3.472">
    <system-out><![CDATA[&amp#27;[94mTests paused&amp#27;[39m
2024-01-07 22:57:45,892 WARN  [io.qua.boo.BootstrapAppModelFactory] (main) Expected project directory C:\Users\clem\AppData\Local\Temp\quarkus-dev-mode-test4536108615701306651 does not match current project directory C:\Users\clem\repositories\quarkus-fx-extension\deployment
2024-01-07 22:57:49,127 INFO  [io.quarkus] (Quarkus Main Thread) quarkus-fx-extension-deployment 1.0.0-SNAPSHOT on JVM (powered by Quarkus 3.6.0) started in 1.526s. 
2024-01-07 22:57:49,128 INFO  [io.quarkus] (Quarkus Main Thread) Profile dev activated. Live Coding activated.
2024-01-07 22:57:49,128 INFO  [io.quarkus] (Quarkus Main Thread) Installed features: [cdi, quarkus-fx-extension]
2024-01-07 22:57:49,171 INFO  [io.quarkus] (Quarkus Main Thread) quarkus-fx-extension-deployment stopped in 0.004s
]]></system-out>
  </testcase>
</testsuite>